<?xml version="1.0" encoding="UTF-8"?>
<!-- Generated by org.testng.reporters.JUnitReportReporter -->
<testsuite skipped="0" hostname="DESKTOP-JJIP4FK" name="runner.Testrunner" tests="1" failures="0" timestamp="10 Mar 2020 02:17:29 GMT" time="19.914" errors="0">
  <testcase name="feature" time="19.914" classname="runner.Testrunner"/>
</testsuite> <!-- runner.Testrunner -->
